ERROR	2021/10/19 11:51:48 {}%!(EXTRA *fs.PathError=open /home/esteban/written/doku: no such file or directory)
ERROR	2021/10/19 11:51:48 {}%!(EXTRA *fs.PathError=open /home/esteban/written/jwk-cache.md: no such file or directory)
ERROR	2021/10/19 11:51:48 {}%!(EXTRA *fs.PathError=open /home/esteban/written/kaufen-jwks.excalidraw: no such file or directory)
ERROR	2021/10/19 11:51:52 {}%!(EXTRA *fs.PathError=open /home/esteban/written/bug: no such file or directory)
ERROR	2021/10/19 11:51:52 {}%!(EXTRA *fs.PathError=open /home/esteban/written/slack: no such file or directory)
ERROR	2021/10/19 11:52:06 {}%!(EXTRA *fs.PathError=open /home/esteban/written/slack: no such file or directory)
ERROR	2021/10/19 11:52:06 {}%!(EXTRA *fs.PathError=open /home/esteban/written/bug: no such file or directory)
ERROR	2021/10/19 11:52:07 {}%!(EXTRA *fs.PathError=open /home/esteban/written/kaufen-jwks.excalidraw: no such file or directory)
ERROR	2021/10/19 11:52:07 {}%!(EXTRA *fs.PathError=open /home/esteban/written/jwk-cache.md: no such file or directory)
ERROR	2021/10/19 11:52:07 {}%!(EXTRA *fs.PathError=open /home/esteban/written/doku: no such file or directory)
ERROR	2021/10/19 12:00:47 {}%!(EXTRA *fs.PathError=open /home/esteban/written/doku: no such file or directory)
ERROR	2021/10/19 12:00:48 {}%!(EXTRA *fs.PathError=open /home/esteban/written/jwk-cache.md: no such file or directory)
ERROR	2021/10/19 12:00:48 {}%!(EXTRA *fs.PathError=open /home/esteban/written/kaufen-jwks.excalidraw: no such file or directory)
ERROR	2021/10/19 12:00:49 {}%!(EXTRA *fs.PathError=open /home/esteban/written/bug: no such file or directory)
ERROR	2021/10/19 12:00:49 {}%!(EXTRA *fs.PathError=open /home/esteban/written/slack: no such file or directory)
ERROR	2021/10/19 12:01:01 {}%!(EXTRA *fs.PathError=open /home/esteban/written/slack: no such file or directory)
ERROR	2021/10/19 12:01:01 {}%!(EXTRA *fs.PathError=open /home/esteban/written/bug: no such file or directory)
ERROR	2021/10/19 12:01:02 {}%!(EXTRA *fs.PathError=open /home/esteban/written/kaufen-jwks.excalidraw: no such file or directory)
ERROR	2021/10/19 12:01:02 {}%!(EXTRA *fs.PathError=open /home/esteban/written/jwk-cache.md: no such file or directory)
ERROR	2021/10/19 12:01:02 {}%!(EXTRA *fs.PathError=open /home/esteban/written/doku: no such file or directory)
ERROR	2021/10/19 12:02:38 {}%!(EXTRA *fs.PathError=open /home/esteban/written/doku: no such file or directory)
ERROR	2021/10/19 12:02:38 {}%!(EXTRA *fs.PathError=open /home/esteban/written/jwk-cache.md: no such file or directory)
ERROR	2021/10/19 12:02:38 {}%!(EXTRA *fs.PathError=open /home/esteban/written/kaufen-jwks.excalidraw: no such file or directory)
