
INFO	2021/10/19 11:36:30 Simple Grid
INFO	2021/10/19 11:36:36 Current: {}%!(EXTRA string=zoom.md)
INFO	2021/10/19 11:36:42 Current: {}%!(EXTRA string=zoom.md)
INFO	2021/10/19 11:36:43 Current: {}%!(EXTRA string=zoom.md)
INFO	2021/10/19 11:36:45 Current: {}%!(EXTRA string=zoom.md)
INFO	2021/10/19 11:36:46 Current: {}%!(EXTRA string=zoom.md)
INFO	2021/10/19 11:48:42 Simple Grid
INFO	2021/10/19 11:48:45 Current: {}%!(EXTRA string=asynchrone-arbeit)
INFO	2021/10/19 11:48:46 Current: {}%!(EXTRA string=aufgabe-importer-deployment.md)
INFO	2021/10/19 11:48:47 Current: {}%!(EXTRA string=belegleser-produktdaten-versorgung)
INFO	2021/10/19 11:48:48 Current: {}%!(EXTRA string=bestellungsfeed)
INFO	2021/10/19 11:48:49 Current: {}%!(EXTRA string=bestellwege-telefonisch-auftrags-validierung)
INFO	2021/10/19 11:49:04 Current: {}%!(EXTRA string=elbe-api)
INFO	2021/10/19 11:49:12 Current: {}%!(EXTRA string=feed-it)
INFO	2021/10/19 11:49:31 Current: {}%!(EXTRA string=feed_lib)
INFO	2021/10/19 11:50:35 Current: {}%!(EXTRA string=foobar)
INFO	2021/10/19 11:50:36 Current: {}%!(EXTRA string=frontend-prisma-cloud)
INFO	2021/10/19 11:50:45 Current: {}%!(EXTRA string=foobar)
INFO	2021/10/19 11:50:46 Current: {}%!(EXTRA string=frontend-prisma-cloud)
INFO	2021/10/19 11:50:46 Current: {}%!(EXTRA string=headerchecklogs.md)
INFO	2021/10/19 11:50:57 Current: {}%!(EXTRA string=importer-137.md)
INFO	2021/10/19 11:50:59 Current: {}%!(EXTRA string=headerchecklogs.md)
INFO	2021/10/19 11:51:03 Current: {}%!(EXTRA string=importer-137.md)
INFO	2021/10/19 11:51:47 Current: {}%!(EXTRA string=importer-leader-election.md)
INFO	2021/10/19 11:51:48 Current: {}%!(EXTRA string=jiraticket)
INFO	2021/10/19 11:51:48 Current: {}%!(EXTRA string=doku)
INFO	2021/10/19 11:51:48 Current: {}%!(EXTRA string=jwk-cache.md)
INFO	2021/10/19 11:51:48 Current: {}%!(EXTRA string=kaufen-jwks.excalidraw)
INFO	2021/10/19 11:51:49 Current: {}%!(EXTRA string=k8s-master-leader-election-hpa-begleiten.md)
INFO	2021/10/19 11:51:49 Current: {}%!(EXTRA string=k8s-master-leader-election.md)
INFO	2021/10/19 11:51:49 Current: {}%!(EXTRA string=k8s-update-1-20)
INFO	2021/10/19 11:51:50 Current: {}%!(EXTRA string=k8s_alex_istio)
INFO	2021/10/19 11:51:50 Current: {}%!(EXTRA string=k8s_container_runtime)
INFO	2021/10/19 11:51:51 Current: {}%!(EXTRA string=k8s_expiration.md)
INFO	2021/10/19 11:51:51 Current: {}%!(EXTRA string=k8s_ressource_allocation_analysis)
INFO	2021/10/19 11:51:51 Current: {}%!(EXTRA string=kenan)
INFO	2021/10/19 11:51:52 Current: {}%!(EXTRA string=lasttests)
INFO	2021/10/19 11:51:52 Current: {}%!(EXTRA string=bug)
INFO	2021/10/19 11:51:52 Current: {}%!(EXTRA string=slack)
INFO	2021/10/19 11:51:53 Current: {}%!(EXTRA string=sendung-architektur)
INFO	2021/10/19 11:52:01 Current: {}%!(EXTRA string=sendung_alex)
INFO	2021/10/19 11:52:01 Current: {}%!(EXTRA string=sendung_produkt_import)
INFO	2021/10/19 11:52:02 Current: {}%!(EXTRA string=sendungssplit-reason)
INFO	2021/10/19 11:52:02 Current: {}%!(EXTRA string=slack-0)
INFO	2021/10/19 11:52:03 Current: {}%!(EXTRA string=slack-msg-0)
INFO	2021/10/19 11:52:03 Current: {}%!(EXTRA string=slack_messages_of_the_year)
INFO	2021/10/19 11:52:04 Current: {}%!(EXTRA string=stories)
INFO	2021/10/19 11:52:05 Current: {}%!(EXTRA string=testentestentesten)
INFO	2021/10/19 11:52:05 Current: {}%!(EXTRA string=stories)
INFO	2021/10/19 11:52:06 Current: {}%!(EXTRA string=slack_messages_of_the_year)
INFO	2021/10/19 11:52:06 Current: {}%!(EXTRA string=slack-msg-0)
INFO	2021/10/19 11:52:06 Current: {}%!(EXTRA string=slack-0)
INFO	2021/10/19 11:52:06 Current: {}%!(EXTRA string=sendungssplit-reason)
INFO	2021/10/19 11:52:06 Current: {}%!(EXTRA string=sendung_produkt_import)
INFO	2021/10/19 11:52:06 Current: {}%!(EXTRA string=sendung_alex)
INFO	2021/10/19 11:52:06 Current: {}%!(EXTRA string=sendung-architektur)
INFO	2021/10/19 11:52:06 Current: {}%!(EXTRA string=slack)
INFO	2021/10/19 11:52:06 Current: {}%!(EXTRA string=bug)
INFO	2021/10/19 11:52:06 Current: {}%!(EXTRA string=lasttests)
INFO	2021/10/19 11:52:06 Current: {}%!(EXTRA string=kenan)
INFO	2021/10/19 11:52:06 Current: {}%!(EXTRA string=k8s_ressource_allocation_analysis)
INFO	2021/10/19 11:52:06 Current: {}%!(EXTRA string=k8s_expiration.md)
INFO	2021/10/19 11:52:07 Current: {}%!(EXTRA string=k8s_container_runtime)
INFO	2021/10/19 11:52:07 Current: {}%!(EXTRA string=k8s_alex_istio)
INFO	2021/10/19 11:52:07 Current: {}%!(EXTRA string=k8s-update-1-20)
INFO	2021/10/19 11:52:07 Current: {}%!(EXTRA string=k8s-master-leader-election.md)
INFO	2021/10/19 11:52:07 Current: {}%!(EXTRA string=k8s-master-leader-election-hpa-begleiten.md)
INFO	2021/10/19 11:52:07 Current: {}%!(EXTRA string=kaufen-jwks.excalidraw)
INFO	2021/10/19 11:52:07 Current: {}%!(EXTRA string=jwk-cache.md)
INFO	2021/10/19 11:52:07 Current: {}%!(EXTRA string=doku)
INFO	2021/10/19 11:52:07 Current: {}%!(EXTRA string=jiraticket)
INFO	2021/10/19 11:52:07 Current: {}%!(EXTRA string=importer-leader-election.md)
INFO	2021/10/19 11:52:07 Current: {}%!(EXTRA string=importer-137.md)
INFO	2021/10/19 11:52:07 Current: {}%!(EXTRA string=headerchecklogs.md)
INFO	2021/10/19 11:52:07 Current: {}%!(EXTRA string=frontend-prisma-cloud)
INFO	2021/10/19 11:52:07 Current: {}%!(EXTRA string=foobar)
INFO	2021/10/19 11:52:07 Current: {}%!(EXTRA string=feed_lib)
INFO	2021/10/19 11:52:07 Current: {}%!(EXTRA string=feed-it)
INFO	2021/10/19 11:52:07 Current: {}%!(EXTRA string=elbe-api)
INFO	2021/10/19 11:52:07 Current: {}%!(EXTRA string=bestellwege-telefonisch-auftrags-validierung)
INFO	2021/10/19 11:52:07 Current: {}%!(EXTRA string=bestellungsfeed)
INFO	2021/10/19 11:52:07 Current: {}%!(EXTRA string=belegleser-produktdaten-versorgung)
INFO	2021/10/19 11:52:07 Current: {}%!(EXTRA string=aufgabe-importer-deployment.md)
INFO	2021/10/19 11:52:07 Current: {}%!(EXTRA string=asynchrone-arbeit)
INFO	2021/10/19 11:52:07 Current: {}%!(EXTRA string=all-master-down.md)
INFO	2021/10/19 12:00:41 Simple Grid
INFO	2021/10/19 12:00:43 Current: {}%!(EXTRA string=asynchrone-arbeit)
INFO	2021/10/19 12:00:43 Current: {}%!(EXTRA string=aufgabe-importer-deployment.md)
INFO	2021/10/19 12:00:43 Current: {}%!(EXTRA string=belegleser-produktdaten-versorgung)
INFO	2021/10/19 12:00:44 Current: {}%!(EXTRA string=bestellungsfeed)
INFO	2021/10/19 12:00:44 Current: {}%!(EXTRA string=bestellwege-telefonisch-auftrags-validierung)
INFO	2021/10/19 12:00:45 Current: {}%!(EXTRA string=elbe-api)
INFO	2021/10/19 12:00:45 Current: {}%!(EXTRA string=feed-it)
INFO	2021/10/19 12:00:45 Current: {}%!(EXTRA string=feed_lib)
INFO	2021/10/19 12:00:46 Current: {}%!(EXTRA string=foobar)
INFO	2021/10/19 12:00:46 Current: {}%!(EXTRA string=frontend-prisma-cloud)
INFO	2021/10/19 12:00:46 Current: {}%!(EXTRA string=headerchecklogs.md)
INFO	2021/10/19 12:00:46 Current: {}%!(EXTRA string=importer-137.md)
INFO	2021/10/19 12:00:47 Current: {}%!(EXTRA string=importer-leader-election.md)
INFO	2021/10/19 12:00:47 Current: {}%!(EXTRA string=jiraticket)
INFO	2021/10/19 12:00:47 Current: {}%!(EXTRA string=doku)
INFO	2021/10/19 12:00:48 Current: {}%!(EXTRA string=jwk-cache.md)
INFO	2021/10/19 12:00:48 Current: {}%!(EXTRA string=kaufen-jwks.excalidraw)
INFO	2021/10/19 12:00:49 Current: {}%!(EXTRA string=k8s-master-leader-election-hpa-begleiten.md)
INFO	2021/10/19 12:00:49 Current: {}%!(EXTRA string=k8s-master-leader-election.md)
INFO	2021/10/19 12:00:49 Current: {}%!(EXTRA string=k8s-update-1-20)
INFO	2021/10/19 12:00:49 Current: {}%!(EXTRA string=k8s_alex_istio)
INFO	2021/10/19 12:00:49 Current: {}%!(EXTRA string=k8s_container_runtime)
INFO	2021/10/19 12:00:49 Current: {}%!(EXTRA string=k8s_expiration.md)
INFO	2021/10/19 12:00:49 Current: {}%!(EXTRA string=k8s_ressource_allocation_analysis)
INFO	2021/10/19 12:00:49 Current: {}%!(EXTRA string=kenan)
INFO	2021/10/19 12:00:49 Current: {}%!(EXTRA string=lasttests)
INFO	2021/10/19 12:00:49 Current: {}%!(EXTRA string=bug)
INFO	2021/10/19 12:00:49 Current: {}%!(EXTRA string=slack)
INFO	2021/10/19 12:00:49 Current: {}%!(EXTRA string=sendung-architektur)
INFO	2021/10/19 12:00:49 Current: {}%!(EXTRA string=sendung_alex)
INFO	2021/10/19 12:00:49 Current: {}%!(EXTRA string=sendung_produkt_import)
INFO	2021/10/19 12:00:49 Current: {}%!(EXTRA string=sendungssplit-reason)
INFO	2021/10/19 12:00:49 Current: {}%!(EXTRA string=slack-0)
INFO	2021/10/19 12:00:49 Current: {}%!(EXTRA string=slack-msg-0)
INFO	2021/10/19 12:00:49 Current: {}%!(EXTRA string=slack_messages_of_the_year)
INFO	2021/10/19 12:00:49 Current: {}%!(EXTRA string=stories)
INFO	2021/10/19 12:00:49 Current: {}%!(EXTRA string=testentestentesten)
INFO	2021/10/19 12:00:49 Current: {}%!(EXTRA string=zoom-launcher.md)
INFO	2021/10/19 12:00:49 Current: {}%!(EXTRA string=zoom.md)
INFO	2021/10/19 12:00:50 Current: {}%!(EXTRA string=all-master-down.md)
INFO	2021/10/19 12:00:50 Current: {}%!(EXTRA string=asynchrone-arbeit)
INFO	2021/10/19 12:00:50 Current: {}%!(EXTRA string=aufgabe-importer-deployment.md)
INFO	2021/10/19 12:00:50 Current: {}%!(EXTRA string=belegleser-produktdaten-versorgung)
INFO	2021/10/19 12:00:50 Current: {}%!(EXTRA string=bestellungsfeed)
INFO	2021/10/19 12:00:50 Current: {}%!(EXTRA string=bestellwege-telefonisch-auftrags-validierung)
INFO	2021/10/19 12:00:50 Current: {}%!(EXTRA string=elbe-api)
INFO	2021/10/19 12:00:50 Current: {}%!(EXTRA string=feed-it)
INFO	2021/10/19 12:00:50 Current: {}%!(EXTRA string=feed_lib)
INFO	2021/10/19 12:00:50 Current: {}%!(EXTRA string=foobar)
INFO	2021/10/19 12:00:50 Current: {}%!(EXTRA string=frontend-prisma-cloud)
INFO	2021/10/19 12:00:50 Current: {}%!(EXTRA string=headerchecklogs.md)
INFO	2021/10/19 12:00:50 Current: {}%!(EXTRA string=importer-137.md)
INFO	2021/10/19 12:00:50 Current: {}%!(EXTRA string=importer-leader-election.md)
INFO	2021/10/19 12:00:50 Current: {}%!(EXTRA string=jiraticket)
INFO	2021/10/19 12:00:50 Current: {}%!(EXTRA string=importer-leader-election.md)
INFO	2021/10/19 12:00:51 Current: {}%!(EXTRA string=importer-137.md)
INFO	2021/10/19 12:00:51 Current: {}%!(EXTRA string=headerchecklogs.md)
INFO	2021/10/19 12:00:51 Current: {}%!(EXTRA string=frontend-prisma-cloud)
INFO	2021/10/19 12:00:51 Current: {}%!(EXTRA string=foobar)
INFO	2021/10/19 12:00:51 Current: {}%!(EXTRA string=feed_lib)
INFO	2021/10/19 12:00:51 Current: {}%!(EXTRA string=feed-it)
INFO	2021/10/19 12:00:51 Current: {}%!(EXTRA string=elbe-api)
INFO	2021/10/19 12:00:51 Current: {}%!(EXTRA string=bestellwege-telefonisch-auftrags-validierung)
INFO	2021/10/19 12:00:51 Current: {}%!(EXTRA string=bestellungsfeed)
INFO	2021/10/19 12:00:51 Current: {}%!(EXTRA string=belegleser-produktdaten-versorgung)
INFO	2021/10/19 12:00:51 Current: {}%!(EXTRA string=aufgabe-importer-deployment.md)
INFO	2021/10/19 12:00:51 Current: {}%!(EXTRA string=asynchrone-arbeit)
INFO	2021/10/19 12:00:52 Current: {}%!(EXTRA string=all-master-down.md)
INFO	2021/10/19 12:00:53 Current: {}%!(EXTRA string=zoom.md)
INFO	2021/10/19 12:00:55 Current: {}%!(EXTRA string=all-master-down.md)
INFO	2021/10/19 12:00:56 Current: {}%!(EXTRA string=zoom.md)
INFO	2021/10/19 12:00:56 Current: {}%!(EXTRA string=zoom-launcher.md)
INFO	2021/10/19 12:00:57 Current: {}%!(EXTRA string=testentestentesten)
INFO	2021/10/19 12:00:57 Current: {}%!(EXTRA string=zoom-launcher.md)
INFO	2021/10/19 12:00:58 Current: {}%!(EXTRA string=testentestentesten)
INFO	2021/10/19 12:00:58 Current: {}%!(EXTRA string=stories)
INFO	2021/10/19 12:00:59 Current: {}%!(EXTRA string=slack_messages_of_the_year)
INFO	2021/10/19 12:00:59 Current: {}%!(EXTRA string=slack-msg-0)
INFO	2021/10/19 12:00:59 Current: {}%!(EXTRA string=slack-0)
INFO	2021/10/19 12:01:00 Current: {}%!(EXTRA string=sendungssplit-reason)
INFO	2021/10/19 12:01:00 Current: {}%!(EXTRA string=sendung_produkt_import)
INFO	2021/10/19 12:01:00 Current: {}%!(EXTRA string=sendung_alex)
INFO	2021/10/19 12:01:01 Current: {}%!(EXTRA string=sendung-architektur)
INFO	2021/10/19 12:01:01 Current: {}%!(EXTRA string=slack)
INFO	2021/10/19 12:01:01 Current: {}%!(EXTRA string=bug)
INFO	2021/10/19 12:01:01 Current: {}%!(EXTRA string=lasttests)
INFO	2021/10/19 12:01:01 Current: {}%!(EXTRA string=kenan)
INFO	2021/10/19 12:01:01 Current: {}%!(EXTRA string=k8s_ressource_allocation_analysis)
INFO	2021/10/19 12:01:01 Current: {}%!(EXTRA string=k8s_expiration.md)
INFO	2021/10/19 12:01:01 Current: {}%!(EXTRA string=k8s_container_runtime)
INFO	2021/10/19 12:01:02 Current: {}%!(EXTRA string=k8s_alex_istio)
INFO	2021/10/19 12:01:02 Current: {}%!(EXTRA string=k8s-update-1-20)
INFO	2021/10/19 12:01:02 Current: {}%!(EXTRA string=k8s-master-leader-election.md)
INFO	2021/10/19 12:01:02 Current: {}%!(EXTRA string=k8s-master-leader-election-hpa-begleiten.md)
INFO	2021/10/19 12:01:02 Current: {}%!(EXTRA string=kaufen-jwks.excalidraw)
INFO	2021/10/19 12:01:02 Current: {}%!(EXTRA string=jwk-cache.md)
INFO	2021/10/19 12:01:02 Current: {}%!(EXTRA string=doku)
INFO	2021/10/19 12:01:02 Current: {}%!(EXTRA string=jiraticket)
INFO	2021/10/19 12:01:02 Current: {}%!(EXTRA string=importer-leader-election.md)
INFO	2021/10/19 12:01:02 Current: {}%!(EXTRA string=importer-137.md)
INFO	2021/10/19 12:01:02 Current: {}%!(EXTRA string=headerchecklogs.md)
INFO	2021/10/19 12:01:02 Current: {}%!(EXTRA string=frontend-prisma-cloud)
INFO	2021/10/19 12:01:02 Current: {}%!(EXTRA string=foobar)
INFO	2021/10/19 12:01:02 Current: {}%!(EXTRA string=feed_lib)
INFO	2021/10/19 12:01:02 Current: {}%!(EXTRA string=feed-it)
INFO	2021/10/19 12:01:02 Current: {}%!(EXTRA string=elbe-api)
INFO	2021/10/19 12:01:02 Current: {}%!(EXTRA string=bestellwege-telefonisch-auftrags-validierung)
INFO	2021/10/19 12:01:02 Current: {}%!(EXTRA string=bestellungsfeed)
INFO	2021/10/19 12:01:02 Current: {}%!(EXTRA string=belegleser-produktdaten-versorgung)
INFO	2021/10/19 12:01:02 Current: {}%!(EXTRA string=aufgabe-importer-deployment.md)
INFO	2021/10/19 12:01:02 Current: {}%!(EXTRA string=asynchrone-arbeit)
INFO	2021/10/19 12:01:03 Current: {}%!(EXTRA string=all-master-down.md)
INFO	2021/10/19 12:01:03 Current: {}%!(EXTRA string=zoom.md)
INFO	2021/10/19 12:01:04 Current: {}%!(EXTRA string=all-master-down.md)
INFO	2021/10/19 12:02:32 Simple Grid
INFO	2021/10/19 12:02:36 Current: {}%!(EXTRA string=asynchrone-arbeit)
INFO	2021/10/19 12:02:36 Current: {}%!(EXTRA string=aufgabe-importer-deployment.md)
INFO	2021/10/19 12:02:36 Current: {}%!(EXTRA string=belegleser-produktdaten-versorgung)
INFO	2021/10/19 12:02:37 Current: {}%!(EXTRA string=bestellungsfeed)
INFO	2021/10/19 12:02:37 Current: {}%!(EXTRA string=bestellwege-telefonisch-auftrags-validierung)
INFO	2021/10/19 12:02:37 Current: {}%!(EXTRA string=elbe-api)
INFO	2021/10/19 12:02:37 Current: {}%!(EXTRA string=feed-it)
INFO	2021/10/19 12:02:37 Current: {}%!(EXTRA string=feed_lib)
INFO	2021/10/19 12:02:38 Current: {}%!(EXTRA string=foobar)
INFO	2021/10/19 12:02:38 Current: {}%!(EXTRA string=frontend-prisma-cloud)
INFO	2021/10/19 12:02:38 Current: {}%!(EXTRA string=headerchecklogs.md)
INFO	2021/10/19 12:02:38 Current: {}%!(EXTRA string=importer-137.md)
INFO	2021/10/19 12:02:38 Current: {}%!(EXTRA string=importer-leader-election.md)
INFO	2021/10/19 12:02:38 Current: {}%!(EXTRA string=jiraticket)
INFO	2021/10/19 12:02:38 Current: {}%!(EXTRA string=doku)
INFO	2021/10/19 12:02:38 Current: {}%!(EXTRA string=jwk-cache.md)
INFO	2021/10/19 12:02:38 Current: {}%!(EXTRA string=kaufen-jwks.excalidraw)
INFO	2021/10/19 12:02:39 Current: {}%!(EXTRA string=k8s-master-leader-election-hpa-begleiten.md)
INFO	2021/10/19 12:02:39 Current: {}%!(EXTRA string=k8s-master-leader-election.md)
INFO	2021/10/19 12:02:39 Current: {}%!(EXTRA string=k8s-update-1-20)
INFO	2021/10/19 12:02:39 Current: {}%!(EXTRA string=k8s_alex_istio)
INFO	2021/10/19 12:02:39 Current: {}%!(EXTRA string=k8s_container_runtime)
INFO	2021/10/19 12:02:40 Current: {}%!(EXTRA string=k8s_expiration.md)
INFO	2021/10/19 12:02:40 Current: {}%!(EXTRA string=k8s_ressource_allocation_analysis)
